[2021-04-23 13:07:17.751] [info] [console_user_server] version 13.4.0
[2021-04-23 13:07:18.091] [info] [console_user_server] grabber_client is started.
[2021-04-23 13:08:34.951] [info] [console_user_server] grabber_client is connected.
[2021-04-23 13:08:35.319] [info] [console_user_server] core_configuration is updated.
[2021-04-23 13:08:36.230] [info] [console_user_server] Check for updates...
[2021-04-23 13:09:34.326] [info] [console_user_server] Load /Users/marco/.config/karabiner/karabiner.json...
[2021-04-23 13:09:34.329] [info] [console_user_server] core_configuration is updated.
[2021-04-23 13:10:52.504] [info] [console_user_server] Load /Users/marco/.config/karabiner/karabiner.json...
[2021-04-23 13:10:52.509] [info] [console_user_server] core_configuration is updated.
[2021-04-23 13:10:57.165] [info] [console_user_server] Load /Users/marco/.config/karabiner/karabiner.json...
[2021-04-23 13:10:57.168] [info] [console_user_server] core_configuration is updated.
[2021-04-23 13:11:45.438] [info] [console_user_server] Load /Users/marco/.config/karabiner/karabiner.json...
[2021-04-23 13:11:45.440] [info] [console_user_server] core_configuration is updated.
[2021-04-23 13:12:01.411] [info] [console_user_server] Load /Users/marco/.config/karabiner/karabiner.json...
[2021-04-23 13:12:01.415] [info] [console_user_server] core_configuration is updated.
[2021-04-23 13:12:01.811] [info] [console_user_server] Load /Users/marco/.config/karabiner/karabiner.json...
[2021-04-23 13:12:01.813] [info] [console_user_server] core_configuration is updated.
[2021-04-23 13:21:21.022] [info] [console_user_server] Load /Users/marco/.config/karabiner/karabiner.json...
[2021-04-23 13:21:21.027] [info] [console_user_server] core_configuration is updated.
[2021-04-23 13:21:27.751] [info] [console_user_server] Load /Users/marco/.config/karabiner/karabiner.json...
[2021-04-23 13:21:27.754] [info] [console_user_server] core_configuration is updated.
[2021-04-23 13:21:45.579] [info] [console_user_server] Load /Users/marco/.config/karabiner/karabiner.json...
[2021-04-23 13:21:45.584] [info] [console_user_server] core_configuration is updated.
[2021-04-27 09:43:00.075] [info] [console_user_server] version 13.4.0
[2021-04-27 09:43:08.497] [info] [console_user_server] grabber_client is started.
[2021-04-27 09:43:08.499] [info] [console_user_server] grabber_client is connected.
[2021-04-27 09:43:08.785] [info] [console_user_server] Load /Users/marco/.config/karabiner/karabiner.json...
[2021-04-27 09:43:08.810] [info] [console_user_server] core_configuration is updated.
[2021-04-27 09:43:08.966] [info] [console_user_server] Check for updates...
[2021-04-28 11:14:13.289] [info] [console_user_server] version 13.4.0
[2021-04-28 11:14:17.216] [info] [console_user_server] grabber_client is started.
[2021-04-28 11:14:17.218] [info] [console_user_server] grabber_client is connected.
[2021-04-28 11:14:17.636] [info] [console_user_server] Load /Users/marco/.config/karabiner/karabiner.json...
[2021-04-28 11:14:17.638] [info] [console_user_server] core_configuration is updated.
[2021-04-28 11:14:17.914] [info] [console_user_server] Check for updates...
